LANG=en_US.UTF-8
USER=sslee
LOGNAME=sslee
HOME=/home/sslee
PATH=/shared_libraries_nfs/lib/intel/oneapi/mpi/2021.4.0//libfabric/bin:/shared_libraries_nfs/lib/intel/oneapi/mpi/2021.4.0//bin:/shared_libraries_nfs/lib/intel/oneapi/mkl/2021.4.0/bin/intel64:/shared_libraries_nfs/lib/intel/oneapi/dev-utilities/2021.4.0/bin:/shared_libraries_nfs/lib/intel/oneapi/debugger/10.2.4/gdb/intel64/bin:/shared_libraries_nfs/lib/intel/oneapi/compiler/2021.4.0/linux/lib/oclfpga/llvm/aocl-bin:/shared_libraries_nfs/lib/intel/oneapi/compiler/2021.4.0/linux/lib/oclfpga/bin:/shared_libraries_nfs/lib/intel/oneapi/compiler/2021.4.0/linux/bin/intel64:/shared_libraries_nfs/lib/intel/oneapi/compiler/2021.4.0/linux/bin:/usr/local/sbin:/usr/local/bin:/usr/sbin:/usr/bin:/sbin:/bin:/usr/games:/usr/local/games:/snap/bin
MAIL=/var/mail/sslee
SHELL=/usr/bin/zsh
SSH_CLIENT=192.168.122.1 48586 22
SSH_CONNECTION=192.168.122.1 48586 192.168.122.165 22
SSH_TTY=/dev/pts/2
TERM=xterm-256color
XDG_SESSION_ID=12
XDG_RUNTIME_DIR=/run/user/1000
DBUS_SESSION_BUS_ADDRESS=unix:path=/run/user/1000/bus
SHLVL=1
PWD=/home/sslee/Agora
OLDPWD=/home/sslee/Agora/build
ZSH=/home/sslee/.oh-my-zsh
PAGER=less
LESS=-R
LSCOLORS=exfxcxdxbxegedabagacad
LS_COLORS=di=34;40:ln=35;40:so=32;40:pi=33;40:ex=31;40:bd=34;46:cd=34;43:su=0;41:sg=0;46:tw=0;42:ow=0;43:
GREP_COLOR=1;33
CC=/usr/bin/gcc-9
CXX=/usr/bin/g++-9
LD_LIBRARY_PATH=/shared_libraries_nfs/lib/intel/oneapi/tbb/2021.4.0/env/../lib/intel64/gcc4.8:/shared_libraries_nfs/lib/intel/oneapi/mpi/2021.4.0//libfabric/lib:/shared_libraries_nfs/lib/intel/oneapi/mpi/2021.4.0//lib/release:/shared_libraries_nfs/lib/intel/oneapi/mpi/2021.4.0//lib:/shared_libraries_nfs/lib/intel/oneapi/mkl/2021.4.0/lib/intel64:/shared_libraries_nfs/lib/intel/oneapi/ipp/2021.4.0/lib/intel64:/shared_libraries_nfs/lib/intel/oneapi/ippcp/2021.4.0/lib/intel64:/shared_libraries_nfs/lib/intel/oneapi/ipp/2021.4.0/lib/intel64:/shared_libraries_nfs/lib/intel/oneapi/debugger/10.2.4/gdb/intel64/lib:/shared_libraries_nfs/lib/intel/oneapi/debugger/10.2.4/libipt/intel64/lib:/shared_libraries_nfs/lib/intel/oneapi/debugger/10.2.4/dep/lib:/shared_libraries_nfs/lib/intel/oneapi/compiler/2021.4.0/linux/lib:/shared_libraries_nfs/lib/intel/oneapi/compiler/2021.4.0/linux/lib/x64:/shared_libraries_nfs/lib/intel/oneapi/compiler/2021.4.0/linux/lib/emu:/shared_libraries_nfs/lib/intel/oneapi/compiler/2021.4.0/linux/lib/oclfpga/host/linux64/lib:/shared_libraries_nfs/lib/intel/oneapi/compiler/2021.4.0/linux/lib/oclfpga/linux64/lib:/shared_libraries_nfs/lib/intel/oneapi/compiler/2021.4.0/linux/compiler/lib/intel64_lin:/shared_libraries_nfs/lib/x86_64-linux-gnu:/shared_libraries_nfs/lib64
ONEAPI_ROOT=/shared_libraries_nfs/lib/intel/oneapi
SETVARS_VARS_PATH=/shared_libraries_nfs/lib/intel/oneapi/tbb/latest/env/vars.sh
CMPLR_ROOT=/shared_libraries_nfs/lib/intel/oneapi/compiler/2021.4.0
CPATH=/shared_libraries_nfs/lib/intel/oneapi/tbb/2021.4.0/env/../include:/shared_libraries_nfs/lib/intel/oneapi/mpi/2021.4.0//include:/shared_libraries_nfs/lib/intel/oneapi/mkl/2021.4.0/include:/shared_libraries_nfs/lib/intel/oneapi/ipp/2021.4.0/include:/shared_libraries_nfs/lib/intel/oneapi/ippcp/2021.4.0/include:/shared_libraries_nfs/lib/intel/oneapi/ipp/2021.4.0/include:/shared_libraries_nfs/lib/intel/oneapi/dev-utilities/2021.4.0/include:/shared_libraries_nfs/lib/intel/oneapi/compiler/2021.4.0/linux/include
LIBRARY_PATH=/shared_libraries_nfs/lib/intel/oneapi/tbb/2021.4.0/env/../lib/intel64/gcc4.8:/shared_libraries_nfs/lib/intel/oneapi/mpi/2021.4.0//libfabric/lib:/shared_libraries_nfs/lib/intel/oneapi/mpi/2021.4.0//lib/release:/shared_libraries_nfs/lib/intel/oneapi/mpi/2021.4.0//lib:/shared_libraries_nfs/lib/intel/oneapi/mkl/2021.4.0/lib/intel64:/shared_libraries_nfs/lib/intel/oneapi/ipp/2021.4.0/lib/intel64:/shared_libraries_nfs/lib/intel/oneapi/ippcp/2021.4.0/lib/intel64:/shared_libraries_nfs/lib/intel/oneapi/ipp/2021.4.0/lib/intel64:/shared_libraries_nfs/lib/intel/oneapi/compiler/2021.4.0/linux/compiler/lib/intel64_lin:/shared_libraries_nfs/lib/intel/oneapi/compiler/2021.4.0/linux/lib
FPGA_VARS_DIR=/shared_libraries_nfs/lib/intel/oneapi/compiler/2021.4.0/linux/lib/oclfpga
FPGA_VARS_ARGS=
OCL_ICD_FILENAMES=libintelocl_emu.so:libalteracl.so:/shared_libraries_nfs/lib/intel/oneapi/compiler/2021.4.0/linux/lib/x64/libintelocl.so
ACL_BOARD_VENDOR_PATH=/opt/Intel/OpenCLFPGA/oneAPI/Boards
INTELFPGAOCLSDKROOT=/shared_libraries_nfs/lib/intel/oneapi/compiler/2021.4.0/linux/lib/oclfpga
MANPATH=/shared_libraries_nfs/lib/intel/oneapi/mpi/2021.4.0/man:/shared_libraries_nfs/lib/intel/oneapi/debugger/10.2.4/documentation/man:/shared_libraries_nfs/lib/intel/oneapi/compiler/2021.4.0/documentation/en/man/common::
PKG_CONFIG_PATH=/shared_libraries_nfs/lib/intel/oneapi/tbb/2021.4.0/env/../lib/pkgconfig:/shared_libraries_nfs/lib/intel/oneapi/mpi/2021.4.0/lib/pkgconfig:/shared_libraries_nfs/lib/intel/oneapi/mkl/2021.4.0/lib/pkgconfig:/shared_libraries_nfs/lib/intel/oneapi/ippcp/2021.4.0/lib/pkgconfig:/shared_libraries_nfs/lib/intel/oneapi/compiler/2021.4.0/lib/pkgconfig
INTEL_PYTHONHOME=/shared_libraries_nfs/lib/intel/oneapi/debugger/10.2.4/dep
INFOPATH=/shared_libraries_nfs/lib/intel/oneapi/debugger/10.2.4/gdb/intel64/lib
GDB_INFO=/shared_libraries_nfs/lib/intel/oneapi/debugger/10.2.4/documentation/info/
IPPROOT=/shared_libraries_nfs/lib/intel/oneapi/ipp/2021.4.0
IPP_TARGET_ARCH=intel64
IPPCRYPTOROOT=/shared_libraries_nfs/lib/intel/oneapi/ippcp/2021.4.0
IPPCP_TARGET_ARCH=intel64
MKLROOT=/shared_libraries_nfs/lib/intel/oneapi/mkl/2021.4.0
NLSPATH=/shared_libraries_nfs/lib/intel/oneapi/mkl/2021.4.0/lib/intel64/locale/%l_%t/%N
I_MPI_ROOT=/shared_libraries_nfs/lib/intel/oneapi/mpi/2021.4.0
CLASSPATH=/shared_libraries_nfs/lib/intel/oneapi/mpi/2021.4.0//lib/mpi.jar
FI_PROVIDER_PATH=/shared_libraries_nfs/lib/intel/oneapi/mpi/2021.4.0//libfabric/lib/prov:/usr/lib64/libfabric
TBBROOT=/shared_libraries_nfs/lib/intel/oneapi/tbb/2021.4.0/env/..
CMAKE_PREFIX_PATH=/shared_libraries_nfs/lib/intel/oneapi/tbb/2021.4.0/env/..
SETVARS_COMPLETED=1
_=/usr/bin/env
